<?xml version="1.0" encoding="UTF-8"?>
<!-- Generated by org.testng.reporters.JUnitXMLReporter -->
<testsuite ignored="0" hostname="DESKTOP-6BC599G" failures="0" tests="3" name="mytest" time="0.102" errors="0" timestamp="2024-12-02T18:44:36 IST">
  <testcase classname="testngPackage.FirstClass" name="openapp" time="0.015"/>
  <testcase classname="testngPackage.FirstClass" name="login" time="0.002"/>
  <testcase classname="testngPackage.FirstClass" name="logout" time="0.002"/>
</testsuite> <!-- mytest -->
