<?xml version="1.0" encoding="UTF-8"?>
<testng-results ignored="0" total="1" passed="1" failed="0" skipped="0">
  <reporter-output>
  </reporter-output>
  <suite started-at="2024-12-07T14:03:33 IST" name="Surefire suite" finished-at="2024-12-07T14:03:33 IST" duration-ms="65">
    <groups>
    </groups>
    <test started-at="2024-12-07T14:03:33 IST" name="Surefire test" finished-at="2024-12-07T14:03:33 IST" duration-ms="65">
      <class name="testngPackage.NewTest">
        <test-method signature="f()[pri:0, instance:testngPackage.NewTest@56de5251]" started-at="2024-12-07T14:03:33 IST" name="f" finished-at="2024-12-07T14:03:33 IST" duration-ms="10" status="PASS">
          <reporter-output>
          </reporter-output>
        </test-method> <!-- f -->
      </class> <!-- testngPackage.NewTest -->
    </test> <!-- Surefire test -->
  </suite> <!-- Surefire suite -->
</testng-results>
